<?xml version="1.0" encoding="UTF-8"?>
<testng-results ignored="0" total="1" passed="1" failed="0" skipped="0">
  <reporter-output>
  </reporter-output>
  <suite started-at="2023-06-08T14:56:11 IST" name="Default suite" finished-at="2023-06-08T14:56:46 IST" duration-ms="35487">
    <groups>
    </groups>
    <test started-at="2023-06-08T14:56:11 IST" name="Default test" finished-at="2023-06-08T14:56:46 IST" duration-ms="35487">
      <class name="mainclass.GoodReadsEndToEndTest">
        <test-method is-config="true" signature="configBeforeMethod()[pri:0, instance:mainclass.GoodReadsEndToEndTest@7205765b]" started-at="2023-06-08T14:56:11 IST" name="configBeforeMethod" finished-at="2023-06-08T14:56:18 IST" duration-ms="6747" status="PASS">
          <reporter-output>
          </reporter-output>
        </test-method> <!-- configBeforeMethod -->
        <test-method signature="test()[pri:0, instance:mainclass.GoodReadsEndToEndTest@7205765b]" started-at="2023-06-08T14:56:18 IST" name="test" finished-at="2023-06-08T14:56:46 IST" duration-ms="28095" status="PASS">
          <reporter-output>
          </reporter-output>
        </test-method> <!-- test -->
        <test-method is-config="true" signature="configAfterMethod()[pri:0, instance:mainclass.GoodReadsEndToEndTest@7205765b]" started-at="2023-06-08T14:56:46 IST" name="configAfterMethod" finished-at="2023-06-08T14:56:46 IST" duration-ms="593" status="PASS">
          <reporter-output>
          </reporter-output>
        </test-method> <!-- configAfterMethod -->
      </class> <!-- mainclass.GoodReadsEndToEndTest -->
    </test> <!-- Default test -->
  </suite> <!-- Default suite -->
</testng-results>
